#-----------------------------------------------------------
# Vivado v2020.1 (64-bit)
# SW Build 2902540 on Wed May 27 19:54:49 MDT 2020
# IP Build 2902112 on Wed May 27 22:43:36 MDT 2020
# Start of session at: Tue Dec 15 12:49:09 2020
# Process ID: 13020
# Current directory: D:/verlog_file/fadfasdf/TheTruth
# Command line: vivado.exe -gui_launcher_event rodinguilauncherevent12848 D:\verlog_file\fadfasdf\TheTruth\TheTruth.xpr
# Log file: D:/verlog_file/fadfasdf/TheTruth/vivado.log
# Journal file: D:/verlog_file/fadfasdf/TheTruth\vivado.jou
#-----------------------------------------------------------
start_gui
open_project D:/verlog_file/fadfasdf/TheTruth/TheTruth.xpr
Scanning sources...
Finished scanning sources
INFO: [IP_Flow 19-234] Refreshing IP repositories
INFO: [IP_Flow 19-1704] No user IP repositories specified
INFO: [IP_Flow 19-2313] Loaded Vivado IP repository 'D:/Vivado/Vivado/2020.1/data/ip'.
open_project: Time (s): cpu = 00:00:32 ; elapsed = 00:00:14 . Memory (MB): peak = 1033.766 ; gain = 0.000
update_compile_order -fileset sources_1
reset_run synth_1
launch_runs impl_1 -to_step write_bitstream -jobs 4
[Tue Dec 15 13:12:38 2020] Launched synth_1...
Run output will be captured here: D:/verlog_file/fadfasdf/TheTruth/TheTruth.runs/synth_1/runme.log
[Tue Dec 15 13:12:38 2020] Launched impl_1...
Run output will be captured here: D:/verlog_file/fadfasdf/TheTruth/TheTruth.runs/impl_1/runme.log
open_hw_manager
connect_hw_server -allow_non_jtag
INFO: [Labtools 27-2285] Connecting to hw_server url TCP:localhost:3121
INFO: [Labtools 27-2222] Launching hw_server...
INFO: [Labtools 27-2221] Launch Output:

****** Xilinx hw_server v2020.1
  **** Build date : May 27 2020 at 20:24:38
    ** Copyright 1986-2020 Xilinx, Inc. All Rights Reserved.


INFO: [Labtools 27-3415] Connecting to cs_server url TCP:localhost:3042
INFO: [Labtools 27-3417] Launching cs_server...
INFO: [Labtools 27-2221] Launch Output:


****** Xilinx cs_server v2020.1.0
  **** Build date : May 14 2020-09:10:29
    ** Copyright 2017-2020 Xilinx, Inc. All Rights Reserved.



connect_hw_server: Time (s): cpu = 00:00:01 ; elapsed = 00:00:13 . Memory (MB): peak = 1036.840 ; gain = 3.074
open_hw_target
INFO: [Labtoolstcl 44-466] Opening hw_target localhost:3121/xilinx_tcf/Xilinx/1234-tulA
open_hw_target: Time (s): cpu = 00:00:07 ; elapsed = 00:00:07 . Memory (MB): peak = 2333.523 ; gain = 1296.684
set_property PROGRAM.FILE {D:/verlog_file/fadfasdf/TheTruth/TheTruth.runs/impl_1/main.bin} [get_hw_devices xc7a35t_0]
current_hw_device [get_hw_devices xc7a35t_0]
refresh_hw_device -update_hw_probes false [lindex [get_hw_devices xc7a35t_0] 0]
INFO: [Labtools 27-1434] Device xc7a35t (JTAG device index = 0) is programmed with a design that has no supported debug core(s) in it.
create_hw_cfgmem -hw_device [get_hw_devices xc7a35t_0] -mem_dev [lindex [get_cfgmem_parts {n25q64-3.3v-spi-x1_x2_x4}] 0]
set_property PROBES.FILE {} [get_hw_devices xc7a35t_0]
set_property FULL_PROBES.FILE {} [get_hw_devices xc7a35t_0]
set_property PROGRAM.FILE {D:/verlog_file/fadfasdf/TheTruth/TheTruth.runs/impl_1/main.bin} [get_hw_devices xc7a35t_0]
program_hw_devices [get_hw_devices xc7a35t_0]
INFO: [Labtools 27-3164] End of startup status: HIGH
refresh_hw_device [lindex [get_hw_devices xc7a35t_0] 0]
INFO: [Labtools 27-1434] Device xc7a35t (JTAG device index = 0) is programmed with a design that has no supported debug core(s) in it.
set_property PROBES.FILE {} [get_hw_devices xc7a35t_0]
set_property FULL_PROBES.FILE {} [get_hw_devices xc7a35t_0]
set_property PROGRAM.FILE {D:/verlog_file/fadfasdf/TheTruth/TheTruth.runs/impl_1/main.bin} [get_hw_devices xc7a35t_0]
program_hw_devices [get_hw_devices xc7a35t_0]
INFO: [Labtools 27-3164] End of startup status: HIGH
refresh_hw_device [lindex [get_hw_devices xc7a35t_0] 0]
INFO: [Labtools 27-1434] Device xc7a35t (JTAG device index = 0) is programmed with a design that has no supported debug core(s) in it.
reset_run synth_1
launch_runs impl_1 -to_step write_bitstream -jobs 4
[Tue Dec 15 13:26:14 2020] Launched synth_1...
Run output will be captured here: D:/verlog_file/fadfasdf/TheTruth/TheTruth.runs/synth_1/runme.log
[Tue Dec 15 13:26:14 2020] Launched impl_1...
Run output will be captured here: D:/verlog_file/fadfasdf/TheTruth/TheTruth.runs/impl_1/runme.log
reset_run synth_1
launch_runs synth_1 -jobs 4
[Tue Dec 15 13:27:57 2020] Launched synth_1...
Run output will be captured here: D:/verlog_file/fadfasdf/TheTruth/TheTruth.runs/synth_1/runme.log
reset_run synth_1
launch_runs synth_1 -jobs 4
[Tue Dec 15 13:30:12 2020] Launched synth_1...
Run output will be captured here: D:/verlog_file/fadfasdf/TheTruth/TheTruth.runs/synth_1/runme.log
reset_run synth_1
launch_runs synth_1 -jobs 4
[Tue Dec 15 13:31:17 2020] Launched synth_1...
Run output will be captured here: D:/verlog_file/fadfasdf/TheTruth/TheTruth.runs/synth_1/runme.log
launch_runs impl_1 -jobs 4
[Tue Dec 15 13:33:00 2020] Launched impl_1...
Run output will be captured here: D:/verlog_file/fadfasdf/TheTruth/TheTruth.runs/impl_1/runme.log
launch_runs impl_1 -to_step write_bitstream -jobs 4
[Tue Dec 15 13:35:30 2020] Launched impl_1...
Run output will be captured here: D:/verlog_file/fadfasdf/TheTruth/TheTruth.runs/impl_1/runme.log
set_property PROBES.FILE {} [get_hw_devices xc7a35t_0]
set_property FULL_PROBES.FILE {} [get_hw_devices xc7a35t_0]
set_property PROGRAM.FILE {D:/verlog_file/fadfasdf/TheTruth/TheTruth.runs/impl_1/main.bin} [get_hw_devices xc7a35t_0]
program_hw_devices [get_hw_devices xc7a35t_0]
INFO: [Labtools 27-3164] End of startup status: HIGH
refresh_hw_device [lindex [get_hw_devices xc7a35t_0] 0]
INFO: [Labtools 27-1434] Device xc7a35t (JTAG device index = 0) is programmed with a design that has no supported debug core(s) in it.
reset_run synth_1
launch_runs impl_1 -to_step write_bitstream -jobs 4
[Tue Dec 15 13:39:31 2020] Launched synth_1...
Run output will be captured here: D:/verlog_file/fadfasdf/TheTruth/TheTruth.runs/synth_1/runme.log
[Tue Dec 15 13:39:31 2020] Launched impl_1...
Run output will be captured here: D:/verlog_file/fadfasdf/TheTruth/TheTruth.runs/impl_1/runme.log
set_property PROBES.FILE {} [get_hw_devices xc7a35t_0]
set_property FULL_PROBES.FILE {} [get_hw_devices xc7a35t_0]
set_property PROGRAM.FILE {D:/verlog_file/fadfasdf/TheTruth/TheTruth.runs/impl_1/main.bin} [get_hw_devices xc7a35t_0]
program_hw_devices [get_hw_devices xc7a35t_0]
INFO: [Labtools 27-3164] End of startup status: HIGH
refresh_hw_device [lindex [get_hw_devices xc7a35t_0] 0]
INFO: [Labtools 27-1434] Device xc7a35t (JTAG device index = 0) is programmed with a design that has no supported debug core(s) in it.
reset_run synth_1
launch_runs impl_1 -to_step write_bitstream -jobs 4
[Tue Dec 15 13:45:15 2020] Launched synth_1...
Run output will be captured here: D:/verlog_file/fadfasdf/TheTruth/TheTruth.runs/synth_1/runme.log
[Tue Dec 15 13:45:15 2020] Launched impl_1...
Run output will be captured here: D:/verlog_file/fadfasdf/TheTruth/TheTruth.runs/impl_1/runme.log
set_property PROBES.FILE {} [get_hw_devices xc7a35t_0]
set_property FULL_PROBES.FILE {} [get_hw_devices xc7a35t_0]
set_property PROGRAM.FILE {D:/verlog_file/fadfasdf/TheTruth/TheTruth.runs/impl_1/main.bin} [get_hw_devices xc7a35t_0]
program_hw_devices [get_hw_devices xc7a35t_0]
INFO: [Labtools 27-3164] End of startup status: HIGH
refresh_hw_device [lindex [get_hw_devices xc7a35t_0] 0]
INFO: [Labtools 27-1434] Device xc7a35t (JTAG device index = 0) is programmed with a design that has no supported debug core(s) in it.
reset_run synth_1
launch_runs impl_1 -to_step write_bitstream -jobs 4
[Tue Dec 15 13:53:05 2020] Launched synth_1...
Run output will be captured here: D:/verlog_file/fadfasdf/TheTruth/TheTruth.runs/synth_1/runme.log
[Tue Dec 15 13:53:05 2020] Launched impl_1...
Run output will be captured here: D:/verlog_file/fadfasdf/TheTruth/TheTruth.runs/impl_1/runme.log
set_property PROBES.FILE {} [get_hw_devices xc7a35t_0]
set_property FULL_PROBES.FILE {} [get_hw_devices xc7a35t_0]
set_property PROGRAM.FILE {D:/verlog_file/fadfasdf/TheTruth/TheTruth.runs/impl_1/main.bin} [get_hw_devices xc7a35t_0]
program_hw_devices [get_hw_devices xc7a35t_0]
INFO: [Labtools 27-3164] End of startup status: HIGH
refresh_hw_device [lindex [get_hw_devices xc7a35t_0] 0]
INFO: [Labtools 27-1434] Device xc7a35t (JTAG device index = 0) is programmed with a design that has no supported debug core(s) in it.
reset_run synth_1
launch_runs impl_1 -to_step write_bitstream -jobs 4
[Tue Dec 15 13:59:55 2020] Launched synth_1...
Run output will be captured here: D:/verlog_file/fadfasdf/TheTruth/TheTruth.runs/synth_1/runme.log
[Tue Dec 15 13:59:55 2020] Launched impl_1...
Run output will be captured here: D:/verlog_file/fadfasdf/TheTruth/TheTruth.runs/impl_1/runme.log
set_property PROBES.FILE {} [get_hw_devices xc7a35t_0]
set_property FULL_PROBES.FILE {} [get_hw_devices xc7a35t_0]
set_property PROGRAM.FILE {D:/verlog_file/fadfasdf/TheTruth/TheTruth.runs/impl_1/main.bin} [get_hw_devices xc7a35t_0]
program_hw_devices [get_hw_devices xc7a35t_0]
INFO: [Labtools 27-3164] End of startup status: HIGH
refresh_hw_device [lindex [get_hw_devices xc7a35t_0] 0]
INFO: [Labtools 27-1434] Device xc7a35t (JTAG device index = 0) is programmed with a design that has no supported debug core(s) in it.
reset_run synth_1
launch_runs impl_1 -to_step write_bitstream -jobs 4
[Tue Dec 15 14:08:25 2020] Launched synth_1...
Run output will be captured here: D:/verlog_file/fadfasdf/TheTruth/TheTruth.runs/synth_1/runme.log
[Tue Dec 15 14:08:25 2020] Launched impl_1...
Run output will be captured here: D:/verlog_file/fadfasdf/TheTruth/TheTruth.runs/impl_1/runme.log
set_property PROBES.FILE {} [get_hw_devices xc7a35t_0]
set_property FULL_PROBES.FILE {} [get_hw_devices xc7a35t_0]
set_property PROGRAM.FILE {D:/verlog_file/fadfasdf/TheTruth/TheTruth.runs/impl_1/main.bin} [get_hw_devices xc7a35t_0]
program_hw_devices [get_hw_devices xc7a35t_0]
INFO: [Labtools 27-3164] End of startup status: HIGH
refresh_hw_device [lindex [get_hw_devices xc7a35t_0] 0]
INFO: [Labtools 27-1434] Device xc7a35t (JTAG device index = 0) is programmed with a design that has no supported debug core(s) in it.
reset_run synth_1
launch_runs impl_1 -to_step write_bitstream -jobs 4
[Tue Dec 15 14:18:05 2020] Launched synth_1...
Run output will be captured here: D:/verlog_file/fadfasdf/TheTruth/TheTruth.runs/synth_1/runme.log
[Tue Dec 15 14:18:05 2020] Launched impl_1...
Run output will be captured here: D:/verlog_file/fadfasdf/TheTruth/TheTruth.runs/impl_1/runme.log
set_property PROBES.FILE {} [get_hw_devices xc7a35t_0]
set_property FULL_PROBES.FILE {} [get_hw_devices xc7a35t_0]
set_property PROGRAM.FILE {D:/verlog_file/fadfasdf/TheTruth/TheTruth.runs/impl_1/main.bin} [get_hw_devices xc7a35t_0]
program_hw_devices [get_hw_devices xc7a35t_0]
INFO: [Labtools 27-3164] End of startup status: HIGH
refresh_hw_device [lindex [get_hw_devices xc7a35t_0] 0]
INFO: [Labtools 27-1434] Device xc7a35t (JTAG device index = 0) is programmed with a design that has no supported debug core(s) in it.
reset_run synth_1
launch_runs impl_1 -to_step write_bitstream -jobs 4
[Tue Dec 15 14:25:11 2020] Launched synth_1...
Run output will be captured here: D:/verlog_file/fadfasdf/TheTruth/TheTruth.runs/synth_1/runme.log
[Tue Dec 15 14:25:11 2020] Launched impl_1...
Run output will be captured here: D:/verlog_file/fadfasdf/TheTruth/TheTruth.runs/impl_1/runme.log
set_property PROBES.FILE {} [get_hw_devices xc7a35t_0]
set_property FULL_PROBES.FILE {} [get_hw_devices xc7a35t_0]
set_property PROGRAM.FILE {D:/verlog_file/fadfasdf/TheTruth/TheTruth.runs/impl_1/main.bin} [get_hw_devices xc7a35t_0]
program_hw_devices [get_hw_devices xc7a35t_0]
INFO: [Labtools 27-3164] End of startup status: HIGH
refresh_hw_device [lindex [get_hw_devices xc7a35t_0] 0]
INFO: [Labtools 27-1434] Device xc7a35t (JTAG device index = 0) is programmed with a design that has no supported debug core(s) in it.
reset_run synth_1
launch_runs impl_1 -to_step write_bitstream -jobs 4
[Tue Dec 15 14:33:35 2020] Launched synth_1...
Run output will be captured here: D:/verlog_file/fadfasdf/TheTruth/TheTruth.runs/synth_1/runme.log
[Tue Dec 15 14:33:36 2020] Launched impl_1...
Run output will be captured here: D:/verlog_file/fadfasdf/TheTruth/TheTruth.runs/impl_1/runme.log
set_property PROBES.FILE {} [get_hw_devices xc7a35t_0]
set_property FULL_PROBES.FILE {} [get_hw_devices xc7a35t_0]
set_property PROGRAM.FILE {D:/verlog_file/fadfasdf/TheTruth/TheTruth.runs/impl_1/main.bin} [get_hw_devices xc7a35t_0]
program_hw_devices [get_hw_devices xc7a35t_0]
INFO: [Labtools 27-3164] End of startup status: HIGH
refresh_hw_device [lindex [get_hw_devices xc7a35t_0] 0]
INFO: [Labtools 27-1434] Device xc7a35t (JTAG device index = 0) is programmed with a design that has no supported debug core(s) in it.
reset_run synth_1
launch_runs impl_1 -to_step write_bitstream -jobs 4
[Tue Dec 15 14:41:07 2020] Launched synth_1...
Run output will be captured here: D:/verlog_file/fadfasdf/TheTruth/TheTruth.runs/synth_1/runme.log
[Tue Dec 15 14:41:07 2020] Launched impl_1...
Run output will be captured here: D:/verlog_file/fadfasdf/TheTruth/TheTruth.runs/impl_1/runme.log
set_property PROBES.FILE {} [get_hw_devices xc7a35t_0]
set_property FULL_PROBES.FILE {} [get_hw_devices xc7a35t_0]
set_property PROGRAM.FILE {D:/verlog_file/fadfasdf/TheTruth/TheTruth.runs/impl_1/main.bin} [get_hw_devices xc7a35t_0]
program_hw_devices [get_hw_devices xc7a35t_0]
INFO: [Labtools 27-3164] End of startup status: HIGH
refresh_hw_device [lindex [get_hw_devices xc7a35t_0] 0]
INFO: [Labtools 27-1434] Device xc7a35t (JTAG device index = 0) is programmed with a design that has no supported debug core(s) in it.
reset_run synth_1
launch_runs impl_1 -to_step write_bitstream -jobs 4
[Tue Dec 15 14:51:47 2020] Launched synth_1...
Run output will be captured here: D:/verlog_file/fadfasdf/TheTruth/TheTruth.runs/synth_1/runme.log
[Tue Dec 15 14:51:47 2020] Launched impl_1...
Run output will be captured here: D:/verlog_file/fadfasdf/TheTruth/TheTruth.runs/impl_1/runme.log
set_property PROBES.FILE {} [get_hw_devices xc7a35t_0]
set_property FULL_PROBES.FILE {} [get_hw_devices xc7a35t_0]
set_property PROGRAM.FILE {D:/verlog_file/fadfasdf/TheTruth/TheTruth.runs/impl_1/main.bin} [get_hw_devices xc7a35t_0]
program_hw_devices [get_hw_devices xc7a35t_0]
INFO: [Labtools 27-3164] End of startup status: HIGH
refresh_hw_device [lindex [get_hw_devices xc7a35t_0] 0]
INFO: [Labtools 27-1434] Device xc7a35t (JTAG device index = 0) is programmed with a design that has no supported debug core(s) in it.
reset_run synth_1
launch_runs impl_1 -to_step write_bitstream -jobs 4
[Tue Dec 15 14:56:35 2020] Launched synth_1...
Run output will be captured here: D:/verlog_file/fadfasdf/TheTruth/TheTruth.runs/synth_1/runme.log
[Tue Dec 15 14:56:35 2020] Launched impl_1...
Run output will be captured here: D:/verlog_file/fadfasdf/TheTruth/TheTruth.runs/impl_1/runme.log
set_property PROBES.FILE {} [get_hw_devices xc7a35t_0]
set_property FULL_PROBES.FILE {} [get_hw_devices xc7a35t_0]
set_property PROGRAM.FILE {D:/verlog_file/fadfasdf/TheTruth/TheTruth.runs/impl_1/main.bin} [get_hw_devices xc7a35t_0]
program_hw_devices [get_hw_devices xc7a35t_0]
INFO: [Labtools 27-3164] End of startup status: HIGH
refresh_hw_device [lindex [get_hw_devices xc7a35t_0] 0]
INFO: [Labtools 27-1434] Device xc7a35t (JTAG device index = 0) is programmed with a design that has no supported debug core(s) in it.
reset_run synth_1
launch_runs impl_1 -to_step write_bitstream -jobs 4
[Tue Dec 15 15:01:43 2020] Launched synth_1...
Run output will be captured here: D:/verlog_file/fadfasdf/TheTruth/TheTruth.runs/synth_1/runme.log
[Tue Dec 15 15:01:43 2020] Launched impl_1...
Run output will be captured here: D:/verlog_file/fadfasdf/TheTruth/TheTruth.runs/impl_1/runme.log
set_property PROBES.FILE {} [get_hw_devices xc7a35t_0]
set_property FULL_PROBES.FILE {} [get_hw_devices xc7a35t_0]
set_property PROGRAM.FILE {D:/verlog_file/fadfasdf/TheTruth/TheTruth.runs/impl_1/main.bin} [get_hw_devices xc7a35t_0]
program_hw_devices [get_hw_devices xc7a35t_0]
INFO: [Labtools 27-3164] End of startup status: HIGH
refresh_hw_device [lindex [get_hw_devices xc7a35t_0] 0]
INFO: [Labtools 27-1434] Device xc7a35t (JTAG device index = 0) is programmed with a design that has no supported debug core(s) in it.
reset_run synth_1
launch_runs impl_1 -to_step write_bitstream -jobs 4
[Tue Dec 15 15:05:48 2020] Launched synth_1...
Run output will be captured here: D:/verlog_file/fadfasdf/TheTruth/TheTruth.runs/synth_1/runme.log
[Tue Dec 15 15:05:48 2020] Launched impl_1...
Run output will be captured here: D:/verlog_file/fadfasdf/TheTruth/TheTruth.runs/impl_1/runme.log
reset_run synth_1
WARNING: [Vivado 12-1017] Problems encountered:
1. Failed to delete one or more files in run directory D:/verlog_file/fadfasdf/TheTruth/TheTruth.runs/synth_1

launch_runs impl_1 -to_step write_bitstream -jobs 4
[Tue Dec 15 15:07:17 2020] Launched synth_1...
Run output will be captured here: D:/verlog_file/fadfasdf/TheTruth/TheTruth.runs/synth_1/runme.log
[Tue Dec 15 15:07:17 2020] Launched impl_1...
Run output will be captured here: D:/verlog_file/fadfasdf/TheTruth/TheTruth.runs/impl_1/runme.log
set_property PROBES.FILE {} [get_hw_devices xc7a35t_0]
set_property FULL_PROBES.FILE {} [get_hw_devices xc7a35t_0]
set_property PROGRAM.FILE {D:/verlog_file/fadfasdf/TheTruth/TheTruth.runs/impl_1/main.bin} [get_hw_devices xc7a35t_0]
program_hw_devices [get_hw_devices xc7a35t_0]
INFO: [Labtools 27-3164] End of startup status: HIGH
refresh_hw_device [lindex [get_hw_devices xc7a35t_0] 0]
INFO: [Labtools 27-1434] Device xc7a35t (JTAG device index = 0) is programmed with a design that has no supported debug core(s) in it.
reset_run synth_1
launch_runs impl_1 -to_step write_bitstream -jobs 4
[Tue Dec 15 15:10:40 2020] Launched synth_1...
Run output will be captured here: D:/verlog_file/fadfasdf/TheTruth/TheTruth.runs/synth_1/runme.log
[Tue Dec 15 15:10:40 2020] Launched impl_1...
Run output will be captured here: D:/verlog_file/fadfasdf/TheTruth/TheTruth.runs/impl_1/runme.log
set_property PROBES.FILE {} [get_hw_devices xc7a35t_0]
set_property FULL_PROBES.FILE {} [get_hw_devices xc7a35t_0]
set_property PROGRAM.FILE {D:/verlog_file/fadfasdf/TheTruth/TheTruth.runs/impl_1/main.bin} [get_hw_devices xc7a35t_0]
program_hw_devices [get_hw_devices xc7a35t_0]
INFO: [Labtools 27-3164] End of startup status: HIGH
refresh_hw_device [lindex [get_hw_devices xc7a35t_0] 0]
INFO: [Labtools 27-1434] Device xc7a35t (JTAG device index = 0) is programmed with a design that has no supported debug core(s) in it.
reset_run synth_1
launch_runs impl_1 -to_step write_bitstream -jobs 4
[Tue Dec 15 15:14:35 2020] Launched synth_1...
Run output will be captured here: D:/verlog_file/fadfasdf/TheTruth/TheTruth.runs/synth_1/runme.log
[Tue Dec 15 15:14:35 2020] Launched impl_1...
Run output will be captured here: D:/verlog_file/fadfasdf/TheTruth/TheTruth.runs/impl_1/runme.log
reset_run synth_1
launch_runs impl_1 -to_step write_bitstream -jobs 4
[Tue Dec 15 15:15:27 2020] Launched synth_1...
Run output will be captured here: D:/verlog_file/fadfasdf/TheTruth/TheTruth.runs/synth_1/runme.log
[Tue Dec 15 15:15:27 2020] Launched impl_1...
Run output will be captured here: D:/verlog_file/fadfasdf/TheTruth/TheTruth.runs/impl_1/runme.log
reset_run synth_1
launch_runs impl_1 -to_step write_bitstream -jobs 4
[Tue Dec 15 15:16:57 2020] Launched synth_1...
Run output will be captured here: D:/verlog_file/fadfasdf/TheTruth/TheTruth.runs/synth_1/runme.log
[Tue Dec 15 15:16:57 2020] Launched impl_1...
Run output will be captured here: D:/verlog_file/fadfasdf/TheTruth/TheTruth.runs/impl_1/runme.log
set_property PROBES.FILE {} [get_hw_devices xc7a35t_0]
set_property FULL_PROBES.FILE {} [get_hw_devices xc7a35t_0]
set_property PROGRAM.FILE {D:/verlog_file/fadfasdf/TheTruth/TheTruth.runs/impl_1/main.bin} [get_hw_devices xc7a35t_0]
program_hw_devices [get_hw_devices xc7a35t_0]
INFO: [Labtools 27-3164] End of startup status: HIGH
refresh_hw_device [lindex [get_hw_devices xc7a35t_0] 0]
INFO: [Labtools 27-1434] Device xc7a35t (JTAG device index = 0) is programmed with a design that has no supported debug core(s) in it.
reset_run synth_1
launch_runs impl_1 -to_step write_bitstream -jobs 4
[Tue Dec 15 15:23:43 2020] Launched synth_1...
Run output will be captured here: D:/verlog_file/fadfasdf/TheTruth/TheTruth.runs/synth_1/runme.log
[Tue Dec 15 15:23:43 2020] Launched impl_1...
Run output will be captured here: D:/verlog_file/fadfasdf/TheTruth/TheTruth.runs/impl_1/runme.log
reset_run synth_1
launch_runs impl_1 -to_step write_bitstream -jobs 4
[Tue Dec 15 15:27:13 2020] Launched synth_1...
Run output will be captured here: D:/verlog_file/fadfasdf/TheTruth/TheTruth.runs/synth_1/runme.log
[Tue Dec 15 15:27:13 2020] Launched impl_1...
Run output will be captured here: D:/verlog_file/fadfasdf/TheTruth/TheTruth.runs/impl_1/runme.log
set_property PROBES.FILE {} [get_hw_devices xc7a35t_0]
set_property FULL_PROBES.FILE {} [get_hw_devices xc7a35t_0]
set_property PROGRAM.FILE {D:/verlog_file/fadfasdf/TheTruth/TheTruth.runs/impl_1/main.bin} [get_hw_devices xc7a35t_0]
program_hw_devices [get_hw_devices xc7a35t_0]
INFO: [Labtools 27-3164] End of startup status: HIGH
refresh_hw_device [lindex [get_hw_devices xc7a35t_0] 0]
INFO: [Labtools 27-1434] Device xc7a35t (JTAG device index = 0) is programmed with a design that has no supported debug core(s) in it.
ERROR: [Labtoolstcl 44-513] HW Target shutdown. Closing target: localhost:3121/xilinx_tcf/Xilinx/1234-tulA
exit
INFO: [Common 17-206] Exiting Vivado at Tue Dec 15 15:35:42 2020...
